timestamp: 2023-06-13T17:42:28.575301
CREATE TABLE "auth_user"(
    "id" INTEGER PRIMARY KEY AUTOINCREMENT,
    "first_name" CHAR(128),
    "last_name" CHAR(128),
    "email" CHAR(512),
    "password" CHAR(512),
    "registration_key" CHAR(512),
    "reset_password_key" CHAR(512),
    "registration_id" CHAR(512)
);
success!
timestamp: 2023-06-13T17:42:28.589256
CREATE TABLE "auth_group"(
    "id" INTEGER PRIMARY KEY AUTOINCREMENT,
    "role" CHAR(512),
    "description" TEXT
);
success!
timestamp: 2023-06-13T17:42:28.599225
CREATE TABLE "auth_membership"(
    "id" INTEGER PRIMARY KEY AUTOINCREMENT,
    "user_id" INTEGER REFERENCES "auth_user" ("id") ON DELETE CASCADE ON UPDATE CASCADE  ,
    "group_id" INTEGER REFERENCES "auth_group" ("id") ON DELETE CASCADE ON UPDATE CASCADE  
);
success!
timestamp: 2023-06-13T17:42:28.609197
CREATE TABLE "auth_permission"(
    "id" INTEGER PRIMARY KEY AUTOINCREMENT,
    "group_id" INTEGER REFERENCES "auth_group" ("id") ON DELETE CASCADE ON UPDATE CASCADE  ,
    "name" CHAR(512),
    "table_name" CHAR(512),
    "record_id" INTEGER
);
success!
timestamp: 2023-06-13T17:42:28.619173
CREATE TABLE "auth_event"(
    "id" INTEGER PRIMARY KEY AUTOINCREMENT,
    "time_stamp" TIMESTAMP,
    "client_ip" CHAR(512),
    "user_id" INTEGER REFERENCES "auth_user" ("id") ON DELETE CASCADE ON UPDATE CASCADE  ,
    "origin" CHAR(512),
    "description" TEXT
);
success!
timestamp: 2023-06-13T17:42:28.629144
CREATE TABLE "auth_cas"(
    "id" INTEGER PRIMARY KEY AUTOINCREMENT,
    "user_id" INTEGER REFERENCES "auth_user" ("id") ON DELETE CASCADE ON UPDATE CASCADE  ,
    "created_on" TIMESTAMP,
    "service" CHAR(512),
    "ticket" CHAR(512),
    "renew" CHAR(1)
);
success!
timestamp: 2023-06-13T17:42:28.643106
CREATE TABLE `auth_user`(
    `id` INT AUTO_INCREMENT NOT NULL,
    `first_name` VARCHAR(128),
    `last_name` VARCHAR(128),
    `email` VARCHAR(512),
    `password` VARCHAR(512),
    `registration_key` VARCHAR(512),
    `reset_password_key` VARCHAR(512),
    `registration_id` VARCHAR(512),
    `is_active` CHAR(1),
    `created_on` DATETIME,
    `created_by` INT  , INDEX `created_by__idx` (`created_by`), FOREIGN KEY (`created_by`) REFERENCES `auth_user` (`id`) ON DELETE CASCADE,
    `modified_on` DATETIME,
    `modified_by` INT  , INDEX `modified_by__idx` (`modified_by`), FOREIGN KEY (`modified_by`) REFERENCES `auth_user` (`id`) ON DELETE CASCADE,
    PRIMARY KEY (`id`)
) ENGINE=InnoDB CHARACTER SET utf8;
success!
timestamp: 2023-06-13T17:42:28.712920
CREATE TABLE `auth_group`(
    `id` INT AUTO_INCREMENT NOT NULL,
    `role` VARCHAR(512),
    `description` LONGTEXT,
    `is_active` CHAR(1),
    `created_on` DATETIME,
    `created_by` INT  , INDEX `created_by__idx` (`created_by`), FOREIGN KEY (`created_by`) REFERENCES `auth_user` (`id`) ON DELETE CASCADE,
    `modified_on` DATETIME,
    `modified_by` INT  , INDEX `modified_by__idx` (`modified_by`), FOREIGN KEY (`modified_by`) REFERENCES `auth_user` (`id`) ON DELETE CASCADE,
    PRIMARY KEY (`id`)
) ENGINE=InnoDB CHARACTER SET utf8;
success!
timestamp: 2023-06-13T17:42:28.787721
CREATE TABLE `auth_membership`(
    `id` INT AUTO_INCREMENT NOT NULL,
    `user_id` INT  , INDEX `user_id__idx` (`user_id`), FOREIGN KEY (`user_id`) REFERENCES `auth_user` (`id`) ON DELETE CASCADE,
    `group_id` INT  , INDEX `group_id__idx` (`group_id`), FOREIGN KEY (`group_id`) REFERENCES `auth_group` (`id`) ON DELETE CASCADE,
    `is_active` CHAR(1),
    `created_on` DATETIME,
    `created_by` INT  , INDEX `created_by__idx` (`created_by`), FOREIGN KEY (`created_by`) REFERENCES `auth_user` (`id`) ON DELETE CASCADE,
    `modified_on` DATETIME,
    `modified_by` INT  , INDEX `modified_by__idx` (`modified_by`), FOREIGN KEY (`modified_by`) REFERENCES `auth_user` (`id`) ON DELETE CASCADE,
    PRIMARY KEY (`id`)
) ENGINE=InnoDB CHARACTER SET utf8;
success!
timestamp: 2023-06-13T17:42:28.840580
CREATE TABLE `auth_permission`(
    `id` INT AUTO_INCREMENT NOT NULL,
    `group_id` INT  , INDEX `group_id__idx` (`group_id`), FOREIGN KEY (`group_id`) REFERENCES `auth_group` (`id`) ON DELETE CASCADE,
    `name` VARCHAR(512),
    `table_name` VARCHAR(512),
    `record_id` INTEGER,
    `is_active` CHAR(1),
    `created_on` DATETIME,
    `created_by` INT  , INDEX `created_by__idx` (`created_by`), FOREIGN KEY (`created_by`) REFERENCES `auth_user` (`id`) ON DELETE CASCADE,
    `modified_on` DATETIME,
    `modified_by` INT  , INDEX `modified_by__idx` (`modified_by`), FOREIGN KEY (`modified_by`) REFERENCES `auth_user` (`id`) ON DELETE CASCADE,
    PRIMARY KEY (`id`)
) ENGINE=InnoDB CHARACTER SET utf8;
success!
timestamp: 2023-06-13T17:42:28.903411
CREATE TABLE `auth_event`(
    `id` INT AUTO_INCREMENT NOT NULL,
    `time_stamp` DATETIME,
    `client_ip` VARCHAR(512),
    `user_id` INT  , INDEX `user_id__idx` (`user_id`), FOREIGN KEY (`user_id`) REFERENCES `auth_user` (`id`) ON DELETE CASCADE,
    `origin` VARCHAR(512),
    `description` LONGTEXT,
    PRIMARY KEY (`id`)
) ENGINE=InnoDB CHARACTER SET utf8;
success!
timestamp: 2023-06-13T17:42:28.959262
CREATE TABLE `auth_cas`(
    `id` INT AUTO_INCREMENT NOT NULL,
    `user_id` INT  , INDEX `user_id__idx` (`user_id`), FOREIGN KEY (`user_id`) REFERENCES `auth_user` (`id`) ON DELETE CASCADE,
    `created_on` DATETIME,
    `service` VARCHAR(512),
    `ticket` VARCHAR(512),
    `renew` CHAR(1),
    PRIMARY KEY (`id`)
) ENGINE=InnoDB CHARACTER SET utf8;
success!
timestamp: 2023-06-13T17:43:10.198056
CREATE TABLE `film`(
    `id` INT AUTO_INCREMENT NOT NULL,
    `titre` VARCHAR(512),
    `description` VARCHAR(512),
    `date_sortie` DATE,
    `realisateur` VARCHAR(512),
    `duree` VARCHAR(512),
    PRIMARY KEY (`id`)
) ENGINE=InnoDB CHARACTER SET utf8;
success!
timestamp: 2023-06-13T17:43:10.273982
CREATE TABLE `utilisateur`(
    `id` INT AUTO_INCREMENT NOT NULL,
    `nom` VARCHAR(512),
    `prenom` VARCHAR(512),
    `email` VARCHAR(512),
    `mot_de_passe` VARCHAR(512),
    PRIMARY KEY (`id`)
) ENGINE=InnoDB CHARACTER SET utf8;
success!
timestamp: 2023-06-13T17:43:10.331375
CREATE TABLE `affiche`(
    `id` INT AUTO_INCREMENT NOT NULL,
    `numero_affiche` VARCHAR(512),
    `date_projection` DATETIME,
    `image` VARCHAR(512),
    `film_id` INT  , INDEX `film_id__idx` (`film_id`), FOREIGN KEY (`film_id`) REFERENCES `film` (`id`) ON DELETE CASCADE,
    PRIMARY KEY (`id`)
) ENGINE=InnoDB CHARACTER SET utf8;
success!
timestamp: 2023-06-13T17:43:10.389499
CREATE TABLE `reservation`(
    `id` INT AUTO_INCREMENT NOT NULL,
    `nombre_places` INTEGER,
    `affiche_id` INT  , INDEX `affiche_id__idx` (`affiche_id`), FOREIGN KEY (`affiche_id`) REFERENCES `affiche` (`id`) ON DELETE CASCADE,
    `utilisateur_id` INT  , INDEX `utilisateur_id__idx` (`utilisateur_id`), FOREIGN KEY (`utilisateur_id`) REFERENCES `auth_user` (`id`) ON DELETE CASCADE,
    PRIMARY KEY (`id`)
) ENGINE=InnoDB CHARACTER SET utf8;
success!
